2021-12-02 00:15:10,214 INFO org.springframework.boot.StartupInfoLogger [restartedMain] Starting StockApplication using Java 11.0.7 on DESKTOP-MRMN85R with PID 13552 (C:\Users\Hasan\IdeaProjects\fuar-stock\target\classes started by Hasan in C:\Users\Hasan\IdeaProjects\fuar-stock)
2021-12-02 00:15:10,247 INFO org.springframework.boot.SpringApplication [restartedMain] The following profiles are active: dev
2021-12-02 00:15:10,497 INFO org.springframework.boot.logging.DeferredLog [restartedMain] Devtools property defaults active! Set 'spring.devtools.add-properties' to 'false' to disable
2021-12-02 00:15:10,501 INFO org.springframework.boot.logging.DeferredLog [restartedMain] For additional web related logging consider setting the 'logging.level.web' property to 'DEBUG'
2021-12-02 00:15:13,090 INFO org.springframework.data.repository.config.RepositoryConfigurationDelegate [restartedMain] Multiple Spring Data modules found, entering strict repository configuration mode!
2021-12-02 00:15:13,094 INFO org.springframework.data.repository.config.RepositoryConfigurationDelegate [restartedMain] Bootstrapping Spring Data Elasticsearch repositories in DEFAULT mode.
2021-12-02 00:15:13,187 INFO org.springframework.data.repository.config.RepositoryConfigurationExtensionSupport [restartedMain] Spring Data Elasticsearch - Could not safely identify store assignment for repository candidate interface com.fuar.repository.customer.CustomerRepository. If you want this repository to be a Elasticsearch repository, consider annotating your entities with one of these annotations: org.springframework.data.elasticsearch.annotations.Document (preferred), or consider extending one of the following types with your repository: org.springframework.data.elasticsearch.repository.ElasticsearchRepository, org.springframework.data.elasticsearch.repository.ElasticsearchRepository.
2021-12-02 00:15:13,190 INFO org.springframework.data.repository.config.RepositoryConfigurationExtensionSupport [restartedMain] Spring Data Elasticsearch - Could not safely identify store assignment for repository candidate interface com.fuar.repository.log.LogRestIncomingRepository. If you want this repository to be a Elasticsearch repository, consider annotating your entities with one of these annotations: org.springframework.data.elasticsearch.annotations.Document (preferred), or consider extending one of the following types with your repository: org.springframework.data.elasticsearch.repository.ElasticsearchRepository, org.springframework.data.elasticsearch.repository.ElasticsearchRepository.
2021-12-02 00:15:13,194 INFO org.springframework.data.repository.config.RepositoryConfigurationExtensionSupport [restartedMain] Spring Data Elasticsearch - Could not safely identify store assignment for repository candidate interface com.fuar.repository.log.token.TokenRepository. If you want this repository to be a Elasticsearch repository, consider annotating your entities with one of these annotations: org.springframework.data.elasticsearch.annotations.Document (preferred), or consider extending one of the following types with your repository: org.springframework.data.elasticsearch.repository.ElasticsearchRepository, org.springframework.data.elasticsearch.repository.ElasticsearchRepository.
2021-12-02 00:15:13,196 INFO org.springframework.data.repository.config.RepositoryConfigurationExtensionSupport [restartedMain] Spring Data Elasticsearch - Could not safely identify store assignment for repository candidate interface com.fuar.repository.sale.SaleRepository. If you want this repository to be a Elasticsearch repository, consider annotating your entities with one of these annotations: org.springframework.data.elasticsearch.annotations.Document (preferred), or consider extending one of the following types with your repository: org.springframework.data.elasticsearch.repository.ElasticsearchRepository, org.springframework.data.elasticsearch.repository.ElasticsearchRepository.
2021-12-02 00:15:13,253 INFO org.springframework.data.repository.config.RepositoryConfigurationExtensionSupport [restartedMain] Spring Data Elasticsearch - Could not safely identify store assignment for repository candidate interface com.fuar.repository.sequence.SequenceGenerationRepository. If you want this repository to be a Elasticsearch repository, consider annotating your entities with one of these annotations: org.springframework.data.elasticsearch.annotations.Document (preferred), or consider extending one of the following types with your repository: org.springframework.data.elasticsearch.repository.ElasticsearchRepository, org.springframework.data.elasticsearch.repository.ElasticsearchRepository.
2021-12-02 00:15:13,255 INFO org.springframework.data.repository.config.RepositoryConfigurationExtensionSupport [restartedMain] Spring Data Elasticsearch - Could not safely identify store assignment for repository candidate interface com.fuar.repository.stock.StockRepository. If you want this repository to be a Elasticsearch repository, consider annotating your entities with one of these annotations: org.springframework.data.elasticsearch.annotations.Document (preferred), or consider extending one of the following types with your repository: org.springframework.data.elasticsearch.repository.ElasticsearchRepository, org.springframework.data.elasticsearch.repository.ElasticsearchRepository.
2021-12-02 00:15:13,259 INFO org.springframework.data.repository.config.RepositoryConfigurationExtensionSupport [restartedMain] Spring Data Elasticsearch - Could not safely identify store assignment for repository candidate interface com.fuar.repository.user.UserRepository. If you want this repository to be a Elasticsearch repository, consider annotating your entities with one of these annotations: org.springframework.data.elasticsearch.annotations.Document (preferred), or consider extending one of the following types with your repository: org.springframework.data.elasticsearch.repository.ElasticsearchRepository, org.springframework.data.elasticsearch.repository.ElasticsearchRepository.
2021-12-02 00:15:13,261 INFO org.springframework.data.repository.config.RepositoryConfigurationDelegate [restartedMain] Finished Spring Data repository scanning in 159 ms. Found 0 Elasticsearch repository interfaces.
2021-12-02 00:15:13,269 INFO org.springframework.data.repository.config.RepositoryConfigurationDelegate [restartedMain] Multiple Spring Data modules found, entering strict repository configuration mode!
2021-12-02 00:15:13,270 INFO org.springframework.data.repository.config.RepositoryConfigurationDelegate [restartedMain] Bootstrapping Spring Data Reactive Elasticsearch repositories in DEFAULT mode.
2021-12-02 00:15:13,301 INFO org.springframework.data.repository.config.RepositoryConfigurationExtensionSupport [restartedMain] Spring Data Reactive Elasticsearch - Could not safely identify store assignment for repository candidate interface com.fuar.repository.customer.CustomerRepository. If you want this repository to be a Reactive Elasticsearch repository, consider annotating your entities with one of these annotations: org.springframework.data.elasticsearch.annotations.Document (preferred), or consider extending one of the following types with your repository: org.springframework.data.elasticsearch.repository.ReactiveElasticsearchRepository.
2021-12-02 00:15:13,313 INFO org.springframework.data.repository.config.RepositoryConfigurationExtensionSupport [restartedMain] Spring Data Reactive Elasticsearch - Could not safely identify store assignment for repository candidate interface com.fuar.repository.log.LogRestIncomingRepository. If you want this repository to be a Reactive Elasticsearch repository, consider annotating your entities with one of these annotations: org.springframework.data.elasticsearch.annotations.Document (preferred), or consider extending one of the following types with your repository: org.springframework.data.elasticsearch.repository.ReactiveElasticsearchRepository.
2021-12-02 00:15:13,315 INFO org.springframework.data.repository.config.RepositoryConfigurationExtensionSupport [restartedMain] Spring Data Reactive Elasticsearch - Could not safely identify store assignment for repository candidate interface com.fuar.repository.log.token.TokenRepository. If you want this repository to be a Reactive Elasticsearch repository, consider annotating your entities with one of these annotations: org.springframework.data.elasticsearch.annotations.Document (preferred), or consider extending one of the following types with your repository: org.springframework.data.elasticsearch.repository.ReactiveElasticsearchRepository.
2021-12-02 00:15:13,316 INFO org.springframework.data.repository.config.RepositoryConfigurationExtensionSupport [restartedMain] Spring Data Reactive Elasticsearch - Could not safely identify store assignment for repository candidate interface com.fuar.repository.sale.SaleRepository. If you want this repository to be a Reactive Elasticsearch repository, consider annotating your entities with one of these annotations: org.springframework.data.elasticsearch.annotations.Document (preferred), or consider extending one of the following types with your repository: org.springframework.data.elasticsearch.repository.ReactiveElasticsearchRepository.
2021-12-02 00:15:13,318 INFO org.springframework.data.repository.config.RepositoryConfigurationExtensionSupport [restartedMain] Spring Data Reactive Elasticsearch - Could not safely identify store assignment for repository candidate interface com.fuar.repository.sequence.SequenceGenerationRepository. If you want this repository to be a Reactive Elasticsearch repository, consider annotating your entities with one of these annotations: org.springframework.data.elasticsearch.annotations.Document (preferred), or consider extending one of the following types with your repository: org.springframework.data.elasticsearch.repository.ReactiveElasticsearchRepository.
2021-12-02 00:15:13,326 INFO org.springframework.data.repository.config.RepositoryConfigurationExtensionSupport [restartedMain] Spring Data Reactive Elasticsearch - Could not safely identify store assignment for repository candidate interface com.fuar.repository.stock.StockRepository. If you want this repository to be a Reactive Elasticsearch repository, consider annotating your entities with one of these annotations: org.springframework.data.elasticsearch.annotations.Document (preferred), or consider extending one of the following types with your repository: org.springframework.data.elasticsearch.repository.ReactiveElasticsearchRepository.
2021-12-02 00:15:13,331 INFO org.springframework.data.repository.config.RepositoryConfigurationExtensionSupport [restartedMain] Spring Data Reactive Elasticsearch - Could not safely identify store assignment for repository candidate interface com.fuar.repository.user.UserRepository. If you want this repository to be a Reactive Elasticsearch repository, consider annotating your entities with one of these annotations: org.springframework.data.elasticsearch.annotations.Document (preferred), or consider extending one of the following types with your repository: org.springframework.data.elasticsearch.repository.ReactiveElasticsearchRepository.
2021-12-02 00:15:13,408 INFO org.springframework.data.repository.config.RepositoryConfigurationDelegate [restartedMain] Finished Spring Data repository scanning in 137 ms. Found 2 Reactive Elasticsearch repository interfaces.
2021-12-02 00:15:13,444 INFO org.springframework.data.repository.config.RepositoryConfigurationDelegate [restartedMain] Multiple Spring Data modules found, entering strict repository configuration mode!
2021-12-02 00:15:13,446 INFO org.springframework.data.repository.config.RepositoryConfigurationDelegate [restartedMain] Bootstrapping Spring Data JPA repositories in DEFERRED mode.
2021-12-02 00:15:13,545 INFO org.springframework.data.repository.config.RepositoryConfigurationExtensionSupport [restartedMain] Spring Data JPA - Could not safely identify store assignment for repository candidate interface com.fuar.repository.sale.es.SaleEsRepository. If you want this repository to be a JPA repository, consider annotating your entities with one of these annotations: javax.persistence.Entity, javax.persistence.MappedSuperclass (preferred), or consider extending one of the following types with your repository: org.springframework.data.jpa.repository.JpaRepository.
2021-12-02 00:15:13,558 INFO org.springframework.data.repository.config.RepositoryConfigurationExtensionSupport [restartedMain] Spring Data JPA - Could not safely identify store assignment for repository candidate interface com.fuar.repository.stock.es.StockEsRepository. If you want this repository to be a JPA repository, consider annotating your entities with one of these annotations: javax.persistence.Entity, javax.persistence.MappedSuperclass (preferred), or consider extending one of the following types with your repository: org.springframework.data.jpa.repository.JpaRepository.
2021-12-02 00:15:13,644 INFO org.springframework.data.repository.config.RepositoryConfigurationDelegate [restartedMain] Finished Spring Data repository scanning in 181 ms. Found 7 JPA repository interfaces.
2021-12-02 00:15:16,274 INFO org.springframework.boot.web.embedded.tomcat.TomcatWebServer [restartedMain] Tomcat initialized with port(s): 8011 (http)
2021-12-02 00:15:16,293 INFO org.apache.juli.logging.DirectJDKLog [restartedMain] Starting service [Tomcat]
2021-12-02 00:15:16,293 INFO org.apache.juli.logging.DirectJDKLog [restartedMain] Starting Servlet engine: [Apache Tomcat/9.0.39]
2021-12-02 00:15:16,710 INFO org.apache.juli.logging.DirectJDKLog [restartedMain] Initializing Spring embedded WebApplicationContext
2021-12-02 00:15:16,712 INFO org.springframework.boot.web.servlet.context.ServletWebServerApplicationContext [restartedMain] Root WebApplicationContext: initialization completed in 6205 ms
2021-12-02 00:15:17,050 INFO org.springframework.scheduling.concurrent.ExecutorConfigurationSupport [restartedMain] Initializing ExecutorService 'applicationTaskExecutor'
2021-12-02 00:15:17,189 INFO org.hibernate.jpa.internal.util.LogHelper [task-1] HHH000204: Processing PersistenceUnitInfo [name: default]
2021-12-02 00:15:17,415 INFO org.hibernate.Version [task-1] HHH000412: Hibernate ORM core version 5.4.23.Final
2021-12-02 00:15:17,804 INFO org.hibernate.annotations.common.reflection.java.JavaReflectionManager [task-1] HCANN000001: Hibernate Commons Annotations {5.1.2.Final}
2021-12-02 00:15:18,007 WARN org.springframework.data.convert.CustomConversions [restartedMain] Registering converter from class org.springframework.data.geo.Point to interface java.util.Map as writing converter although it doesn't convert to a store-supported type! You might want to check your annotation setup at the converter implementation.
2021-12-02 00:15:18,009 WARN org.springframework.data.convert.CustomConversions [restartedMain] Registering converter from interface java.util.Map to class org.springframework.data.geo.Point as reading converter although it doesn't convert from a store-supported type! You might want to check your annotation setup at the converter implementation.
2021-12-02 00:15:18,009 WARN org.springframework.data.convert.CustomConversions [restartedMain] Registering converter from class org.springframework.data.elasticsearch.core.geo.GeoPoint to interface java.util.Map as writing converter although it doesn't convert to a store-supported type! You might want to check your annotation setup at the converter implementation.
2021-12-02 00:15:18,012 WARN org.springframework.data.convert.CustomConversions [restartedMain] Registering converter from interface java.util.Map to class org.springframework.data.elasticsearch.core.geo.GeoPoint as reading converter although it doesn't convert from a store-supported type! You might want to check your annotation setup at the converter implementation.
2021-12-02 00:15:18,016 WARN org.springframework.data.convert.CustomConversions [restartedMain] Registering converter from interface org.springframework.data.elasticsearch.core.geo.GeoJson to interface java.util.Map as writing converter although it doesn't convert to a store-supported type! You might want to check your annotation setup at the converter implementation.
2021-12-02 00:15:18,017 WARN org.springframework.data.convert.CustomConversions [restartedMain] Registering converter from interface java.util.Map to interface org.springframework.data.elasticsearch.core.geo.GeoJson as reading converter although it doesn't convert from a store-supported type! You might want to check your annotation setup at the converter implementation.
2021-12-02 00:15:18,017 WARN org.springframework.data.convert.CustomConversions [restartedMain] Registering converter from class org.springframework.data.elasticsearch.core.geo.GeoJsonPoint to interface java.util.Map as writing converter although it doesn't convert to a store-supported type! You might want to check your annotation setup at the converter implementation.
2021-12-02 00:15:18,026 WARN org.springframework.data.convert.CustomConversions [restartedMain] Registering converter from interface java.util.Map to class org.springframework.data.elasticsearch.core.geo.GeoJsonPoint as reading converter although it doesn't convert from a store-supported type! You might want to check your annotation setup at the converter implementation.
2021-12-02 00:15:18,027 WARN org.springframework.data.convert.CustomConversions [restartedMain] Registering converter from class org.springframework.data.elasticsearch.core.geo.GeoJsonMultiPoint to interface java.util.Map as writing converter although it doesn't convert to a store-supported type! You might want to check your annotation setup at the converter implementation.
2021-12-02 00:15:18,029 WARN org.springframework.data.convert.CustomConversions [restartedMain] Registering converter from interface java.util.Map to class org.springframework.data.elasticsearch.core.geo.GeoJsonMultiPoint as reading converter although it doesn't convert from a store-supported type! You might want to check your annotation setup at the converter implementation.
2021-12-02 00:15:18,032 WARN org.springframework.data.convert.CustomConversions [restartedMain] Registering converter from class org.springframework.data.elasticsearch.core.geo.GeoJsonLineString to interface java.util.Map as writing converter although it doesn't convert to a store-supported type! You might want to check your annotation setup at the converter implementation.
2021-12-02 00:15:18,035 WARN org.springframework.data.convert.CustomConversions [restartedMain] Registering converter from interface java.util.Map to class org.springframework.data.elasticsearch.core.geo.GeoJsonLineString as reading converter although it doesn't convert from a store-supported type! You might want to check your annotation setup at the converter implementation.
2021-12-02 00:15:18,036 WARN org.springframework.data.convert.CustomConversions [restartedMain] Registering converter from class org.springframework.data.elasticsearch.core.geo.GeoJsonMultiLineString to interface java.util.Map as writing converter although it doesn't convert to a store-supported type! You might want to check your annotation setup at the converter implementation.
2021-12-02 00:15:18,036 WARN org.springframework.data.convert.CustomConversions [restartedMain] Registering converter from interface java.util.Map to class org.springframework.data.elasticsearch.core.geo.GeoJsonMultiLineString as reading converter although it doesn't convert from a store-supported type! You might want to check your annotation setup at the converter implementation.
2021-12-02 00:15:18,037 WARN org.springframework.data.convert.CustomConversions [restartedMain] Registering converter from class org.springframework.data.elasticsearch.core.geo.GeoJsonPolygon to interface java.util.Map as writing converter although it doesn't convert to a store-supported type! You might want to check your annotation setup at the converter implementation.
2021-12-02 00:15:18,038 WARN org.springframework.data.convert.CustomConversions [restartedMain] Registering converter from interface java.util.Map to class org.springframework.data.elasticsearch.core.geo.GeoJsonPolygon as reading converter although it doesn't convert from a store-supported type! You might want to check your annotation setup at the converter implementation.
2021-12-02 00:15:18,038 WARN org.springframework.data.convert.CustomConversions [restartedMain] Registering converter from class org.springframework.data.elasticsearch.core.geo.GeoJsonMultiPolygon to interface java.util.Map as writing converter although it doesn't convert to a store-supported type! You might want to check your annotation setup at the converter implementation.
2021-12-02 00:15:18,039 WARN org.springframework.data.convert.CustomConversions [restartedMain] Registering converter from interface java.util.Map to class org.springframework.data.elasticsearch.core.geo.GeoJsonMultiPolygon as reading converter although it doesn't convert from a store-supported type! You might want to check your annotation setup at the converter implementation.
2021-12-02 00:15:18,039 WARN org.springframework.data.convert.CustomConversions [restartedMain] Registering converter from class org.springframework.data.elasticsearch.core.geo.GeoJsonGeometryCollection to interface java.util.Map as writing converter although it doesn't convert to a store-supported type! You might want to check your annotation setup at the converter implementation.
2021-12-02 00:15:18,039 WARN org.springframework.data.convert.CustomConversions [restartedMain] Registering converter from interface java.util.Map to class org.springframework.data.elasticsearch.core.geo.GeoJsonGeometryCollection as reading converter although it doesn't convert from a store-supported type! You might want to check your annotation setup at the converter implementation.
2021-12-02 00:15:18,181 INFO com.zaxxer.hikari.HikariDataSource [task-1] HikariPool-1 - Starting...
2021-12-02 00:15:18,564 INFO com.zaxxer.hikari.HikariDataSource [task-1] HikariPool-1 - Start completed.
2021-12-02 00:15:18,593 INFO org.hibernate.dialect.Dialect [task-1] HHH000400: Using dialect: org.hibernate.dialect.PostgreSQL9Dialect
2021-12-02 00:15:20,409 WARN org.hibernate.tool.schema.internal.ExceptionHandlerLoggedImpl [task-1] GenerationTarget encountered exception accepting command : Error executing DDL "create table user (id  bigserial not null, created_date timestamp, operation varchar(255), updated_date timestamp, password varchar(255), user_name varchar(255), primary key (id))" via JDBC Statement
org.hibernate.tool.schema.spi.CommandAcceptanceException: Error executing DDL "create table user (id  bigserial not null, created_date timestamp, operation varchar(255), updated_date timestamp, password varchar(255), user_name varchar(255), primary key (id))" via JDBC Statement
	at org.hibernate.tool.schema.internal.exec.GenerationTargetToDatabase.accept(GenerationTargetToDatabase.java:67)
	at org.hibernate.tool.schema.internal.AbstractSchemaMigrator.applySqlString(AbstractSchemaMigrator.java:559)
	at org.hibernate.tool.schema.internal.AbstractSchemaMigrator.applySqlStrings(AbstractSchemaMigrator.java:504)
	at org.hibernate.tool.schema.internal.AbstractSchemaMigrator.createTable(AbstractSchemaMigrator.java:277)
	at org.hibernate.tool.schema.internal.GroupedSchemaMigratorImpl.performTablesMigration(GroupedSchemaMigratorImpl.java:71)
	at org.hibernate.tool.schema.internal.AbstractSchemaMigrator.performMigration(AbstractSchemaMigrator.java:207)
	at org.hibernate.tool.schema.internal.AbstractSchemaMigrator.doMigration(AbstractSchemaMigrator.java:114)
	at org.hibernate.tool.schema.spi.SchemaManagementToolCoordinator.performDatabaseAction(SchemaManagementToolCoordinator.java:184)
	at org.hibernate.tool.schema.spi.SchemaManagementToolCoordinator.process(SchemaManagementToolCoordinator.java:73)
	at org.hibernate.internal.SessionFactoryImpl.<init>(SessionFactoryImpl.java:316)
	at org.hibernate.boot.internal.SessionFactoryBuilderImpl.build(SessionFactoryBuilderImpl.java:469)
	at org.hibernate.jpa.boot.internal.EntityManagerFactoryBuilderImpl.build(EntityManagerFactoryBuilderImpl.java:1259)
	at org.springframework.orm.jpa.vendor.SpringHibernateJpaPersistenceProvider.createContainerEntityManagerFactory(SpringHibernateJpaPersistenceProvider.java:58)
	at org.springframework.orm.jpa.LocalContainerEntityManagerFactoryBean.createNativeEntityManagerFactory(LocalContainerEntityManagerFactoryBean.java:365)
	at org.springframework.orm.jpa.AbstractEntityManagerFactoryBean.buildNativeEntityManagerFactory(AbstractEntityManagerFactoryBean.java:409)
	at java.base/java.util.concurrent.FutureTask.run$$$capture(FutureTask.java:264)
	at java.base/java.util.concurrent.FutureTask.run(FutureTask.java)
	at java.base/java.util.concurrent.ThreadPoolExecutor.runWorker(ThreadPoolExecutor.java:1128)
	at java.base/java.util.concurrent.ThreadPoolExecutor$Worker.run(ThreadPoolExecutor.java:628)
	at java.base/java.lang.Thread.run(Thread.java:834)
Caused by: org.postgresql.util.PSQLException: ERROR: syntax error at or near "user"
  Position: 14
	at org.postgresql.core.v3.QueryExecutorImpl.receiveErrorResponse(QueryExecutorImpl.java:2553)
	at org.postgresql.core.v3.QueryExecutorImpl.processResults(QueryExecutorImpl.java:2285)
	at org.postgresql.core.v3.QueryExecutorImpl.execute(QueryExecutorImpl.java:323)
	at org.postgresql.jdbc.PgStatement.executeInternal(PgStatement.java:473)
	at org.postgresql.jdbc.PgStatement.execute(PgStatement.java:393)
	at org.postgresql.jdbc.PgStatement.executeWithFlags(PgStatement.java:322)
	at org.postgresql.jdbc.PgStatement.executeCachedSql(PgStatement.java:308)
	at org.postgresql.jdbc.PgStatement.executeWithFlags(PgStatement.java:284)
	at org.postgresql.jdbc.PgStatement.execute(PgStatement.java:279)
	at com.zaxxer.hikari.pool.ProxyStatement.execute(ProxyStatement.java:95)
	at com.zaxxer.hikari.pool.HikariProxyStatement.execute(HikariProxyStatement.java)
	at org.hibernate.tool.schema.internal.exec.GenerationTargetToDatabase.accept(GenerationTargetToDatabase.java:54)
	... 19 common frames omitted
2021-12-02 00:15:20,423 INFO org.hibernate.engine.transaction.jta.platform.internal.JtaPlatformInitiator [task-1] HHH000490: Using JtaPlatform implementation: [org.hibernate.engine.transaction.jta.platform.internal.NoJtaPlatform]
2021-12-02 00:15:20,450 INFO org.springframework.orm.jpa.AbstractEntityManagerFactoryBean [task-1] Initialized JPA EntityManagerFactory for persistence unit 'default'
2021-12-02 00:15:24,272 INFO org.springframework.boot.devtools.autoconfigure.OptionalLiveReloadServer [restartedMain] LiveReload server is running on port 35729
2021-12-02 00:15:26,628 WARN org.springframework.data.elasticsearch.repository.support.SimpleReactiveElasticsearchRepository [restartedMain] Cannot create index: Host 'localhost:9200' not reachable. Cluster state is offline.
2021-12-02 00:15:26,710 INFO org.springframework.data.elasticsearch.support.VersionInfo [reactor-http-nio-2] Version Spring Data Elasticsearch: 4.1.1
2021-12-02 00:15:26,710 INFO org.springframework.data.elasticsearch.support.VersionInfo [reactor-http-nio-2] Version Elasticsearch Client in build: 7.9.3
2021-12-02 00:15:26,711 INFO org.springframework.data.elasticsearch.support.VersionInfo [reactor-http-nio-2] Version Elasticsearch Client used: 7.9.3
2021-12-02 00:15:26,711 ERROR reactor.util.Loggers$Slf4JLogger [reactor-http-nio-2] Operator called default onErrorDropped
reactor.core.Exceptions$ErrorCallbackNotImplemented: org.springframework.data.elasticsearch.client.NoReachableHostException: Host 'localhost:9200' not reachable. Cluster state is offline.
Caused by: org.springframework.data.elasticsearch.client.NoReachableHostException: Host 'localhost:9200' not reachable. Cluster state is offline.
	at org.springframework.data.elasticsearch.client.reactive.SingleNodeHostProvider.lambda$lookupActiveHost$4(SingleNodeHostProvider.java:108)
	at reactor.core.publisher.FluxHandle$HandleSubscriber.onNext(FluxHandle.java:102)
	at reactor.core.publisher.FluxMap$MapConditionalSubscriber.onNext(FluxMap.java:220)
	at reactor.core.publisher.FluxOnErrorResume$ResumeSubscriber.onNext(FluxOnErrorResume.java:79)
	at reactor.core.publisher.Operators$ScalarSubscription.request(Operators.java:2346)
	at reactor.core.publisher.Operators$MultiSubscriptionSubscriber.set(Operators.java:2154)
	at reactor.core.publisher.FluxOnErrorResume$ResumeSubscriber.onSubscribe(FluxOnErrorResume.java:74)
	at reactor.core.publisher.MonoJust.subscribe(MonoJust.java:54)
	at reactor.core.publisher.Mono.subscribe(Mono.java:3987)
	at reactor.core.publisher.FluxOnErrorResume$ResumeSubscriber.onError(FluxOnErrorResume.java:103)
	at reactor.core.publisher.MonoFlatMap$FlatMapMain.onError(MonoFlatMap.java:172)
	at reactor.core.publisher.Operators$MultiSubscriptionSubscriber.onError(Operators.java:2023)
	at reactor.core.publisher.FluxOnAssembly$OnAssemblySubscriber.onError(FluxOnAssembly.java:392)
	at reactor.core.publisher.MonoPeekTerminal$MonoTerminalPeekSubscriber.onError(MonoPeekTerminal.java:258)
	at reactor.core.publisher.FluxMap$MapConditionalSubscriber.onError(FluxMap.java:259)
	at reactor.core.publisher.FluxOnErrorResume$ResumeSubscriber.onError(FluxOnErrorResume.java:106)
	at reactor.core.publisher.Operators.error(Operators.java:196)
	at reactor.core.publisher.MonoErrorSupplied.subscribe(MonoErrorSupplied.java:71)
	at reactor.core.publisher.Mono.subscribe(Mono.java:3987)
	at reactor.core.publisher.FluxOnErrorResume$ResumeSubscriber.onError(FluxOnErrorResume.java:103)
	at reactor.core.publisher.FluxPeek$PeekSubscriber.onError(FluxPeek.java:221)
	at reactor.core.publisher.FluxPeek$PeekSubscriber.onError(FluxPeek.java:221)
	at reactor.core.publisher.FluxPeek$PeekSubscriber.onError(FluxPeek.java:221)
	at reactor.core.publisher.MonoNext$NextSubscriber.onError(MonoNext.java:93)
	at reactor.core.publisher.MonoFlatMapMany$FlatMapManyMain.onError(MonoFlatMapMany.java:204)
	at reactor.core.publisher.SerializedSubscriber.onError(SerializedSubscriber.java:124)
	at reactor.core.publisher.FluxRetryWhen$RetryWhenMainSubscriber.whenError(FluxRetryWhen.java:224)
	at reactor.core.publisher.FluxRetryWhen$RetryWhenOtherSubscriber.onError(FluxRetryWhen.java:273)
	at reactor.core.publisher.FluxConcatMap$ConcatMapImmediate.drain(FluxConcatMap.java:413)
	at reactor.core.publisher.FluxConcatMap$ConcatMapImmediate.onNext(FluxConcatMap.java:250)
	at reactor.core.publisher.EmitterProcessor.drain(EmitterProcessor.java:478)
	at reactor.core.publisher.EmitterProcessor.tryEmitNext(EmitterProcessor.java:286)
	at reactor.core.publisher.SinkManySerialized.tryEmitNext(SinkManySerialized.java:97)
	at reactor.core.publisher.InternalManySink.emitNext(InternalManySink.java:27)
	at reactor.core.publisher.FluxRetryWhen$RetryWhenMainSubscriber.onError(FluxRetryWhen.java:191)
	at reactor.core.publisher.MonoCreate$DefaultMonoSink.error(MonoCreate.java:189)
	at reactor.netty.http.client.HttpClientConnect$MonoHttpConnect$ClientTransportSubscriber.onError(HttpClientConnect.java:286)
	at reactor.core.publisher.MonoCreate$DefaultMonoSink.error(MonoCreate.java:189)
	at reactor.netty.resources.DefaultPooledConnectionProvider$DisposableAcquire.onError(DefaultPooledConnectionProvider.java:165)
	at reactor.netty.internal.shaded.reactor.pool.AbstractPool$Borrower.fail(AbstractPool.java:427)
	at reactor.netty.internal.shaded.reactor.pool.SimpleDequePool.lambda$drainLoop$5(SimpleDequePool.java:310)
	at reactor.core.publisher.FluxDoOnEach$DoOnEachSubscriber.onError(FluxDoOnEach.java:186)
	at reactor.core.publisher.MonoCreate$DefaultMonoSink.error(MonoCreate.java:189)
	at reactor.netty.resources.DefaultPooledConnectionProvider$PooledConnectionAllocator$PooledConnectionInitializer.onError(DefaultPooledConnectionProvider.java:564)
	at reactor.core.publisher.MonoFlatMap$FlatMapMain.secondError(MonoFlatMap.java:192)
	at reactor.core.publisher.MonoFlatMap$FlatMapInner.onError(MonoFlatMap.java:259)
	at reactor.netty.transport.TransportConnector$MonoChannelPromise.tryFailure(TransportConnector.java:464)
	at reactor.netty.transport.TransportConnector$MonoChannelPromise$1.tryFailure(TransportConnector.java:515)
	at io.netty.channel.nio.AbstractNioChannel$AbstractNioUnsafe.fulfillConnectPromise(AbstractNioChannel.java:321)
	at io.netty.channel.nio.AbstractNioChannel$AbstractNioUnsafe.finishConnect(AbstractNioChannel.java:337)
	at io.netty.channel.nio.NioEventLoop.processSelectedKey(NioEventLoop.java:707)
	at io.netty.channel.nio.NioEventLoop.processSelectedKeysOptimized(NioEventLoop.java:655)
	at io.netty.channel.nio.NioEventLoop.processSelectedKeys(NioEventLoop.java:581)
	at io.netty.channel.nio.NioEventLoop.run(NioEventLoop.java:493)
	at io.netty.util.concurrent.SingleThreadEventExecutor$4.run(SingleThreadEventExecutor.java:989)
	at io.netty.util.internal.ThreadExecutorMap$2.run(ThreadExecutorMap.java:74)
	at io.netty.util.concurrent.FastThreadLocalRunnable.run(FastThreadLocalRunnable.java:30)
	at java.base/java.lang.Thread.run(Thread.java:834)
2021-12-02 00:15:26,918 WARN org.springframework.boot.autoconfigure.orm.jpa.JpaBaseConfiguration$JpaWebConfiguration [restartedMain] spring.jpa.open-in-view is enabled by default. Therefore, database queries may be performed during view rendering. Explicitly configure spring.jpa.open-in-view to disable this warning
2021-12-02 00:15:29,488 WARN org.springframework.data.elasticsearch.repository.support.SimpleReactiveElasticsearchRepository [restartedMain] Cannot create index: Host 'localhost:9200' not reachable. Cluster state is offline.
2021-12-02 00:15:30,282 INFO org.springframework.security.web.DefaultSecurityFilterChain [restartedMain] Will secure Ant [pattern='/v2/**'] with []
2021-12-02 00:15:30,282 INFO org.springframework.security.web.DefaultSecurityFilterChain [restartedMain] Will secure Ant [pattern='/swagger-ui.html'] with []
2021-12-02 00:15:30,367 INFO org.springframework.security.web.DefaultSecurityFilterChain [restartedMain] Will secure any request with [org.springframework.security.web.context.request.async.WebAsyncManagerIntegrationFilter@3067b9e2, org.springframework.security.web.context.SecurityContextPersistenceFilter@2ebc057c, org.springframework.security.web.header.HeaderWriterFilter@740a78c1, org.springframework.security.web.authentication.logout.LogoutFilter@5c6e6fc7, com.fuar.config.security.TokenAuthenticationFilter@593bb4fa, org.springframework.security.web.savedrequest.RequestCacheAwareFilter@3fbb401d, org.springframework.security.web.servletapi.SecurityContextHolderAwareRequestFilter@597342bc, org.springframework.security.web.authentication.AnonymousAuthenticationFilter@284e3159, org.springframework.security.web.session.SessionManagementFilter@4ac9630a, org.springframework.security.web.access.ExceptionTranslationFilter@fa0410a, org.springframework.security.web.access.intercept.FilterSecurityInterceptor@e49a79a]
2021-12-02 00:15:32,793 INFO org.springframework.boot.web.embedded.tomcat.TomcatWebServer [restartedMain] Tomcat started on port(s): 8011 (http) with context path ''
2021-12-02 00:15:33,609 INFO org.springframework.data.repository.config.DeferredRepositoryInitializationListener [restartedMain] Triggering deferred initialization of Spring Data repositories…
2021-12-02 00:15:34,312 INFO org.springframework.data.repository.config.DeferredRepositoryInitializationListener [restartedMain] Spring Data repositories initialized!
2021-12-02 00:15:34,330 INFO org.springframework.boot.StartupInfoLogger [restartedMain] Started StockApplication in 25.305 seconds (JVM running for 28.259)
2021-12-02 00:16:05,199 INFO org.apache.juli.logging.DirectJDKLog [http-nio-8011-exec-1] Initializing Spring DispatcherServlet 'dispatcherServlet'
2021-12-02 00:16:05,200 INFO org.springframework.web.servlet.FrameworkServlet [http-nio-8011-exec-1] Initializing Servlet 'dispatcherServlet'
2021-12-02 00:16:05,203 INFO org.springframework.web.servlet.FrameworkServlet [http-nio-8011-exec-1] Completed initialization in 3 ms
2021-12-02 00:16:06,193 WARN org.apache.juli.logging.DirectJDKLog [http-nio-8011-exec-1] Creation of SecureRandom instance for session ID generation using [SHA1PRNG] took [951] milliseconds.
2021-12-02 01:40:10,265 INFO org.springframework.orm.jpa.AbstractEntityManagerFactoryBean [SpringContextShutdownHook] Closing JPA EntityManagerFactory for persistence unit 'default'
2021-12-02 01:40:10,391 INFO org.springframework.scheduling.concurrent.ExecutorConfigurationSupport [SpringContextShutdownHook] Shutting down ExecutorService 'applicationTaskExecutor'
2021-12-02 01:40:10,433 INFO com.zaxxer.hikari.HikariDataSource [SpringContextShutdownHook] HikariPool-1 - Shutdown initiated...
2021-12-02 01:40:10,486 INFO com.zaxxer.hikari.HikariDataSource [SpringContextShutdownHook] HikariPool-1 - Shutdown completed.
2021-12-02 01:43:07,251 INFO org.springframework.boot.StartupInfoLogger [restartedMain] Starting StockApplication using Java 11.0.7 on DESKTOP-MRMN85R with PID 10996 (C:\Users\Hasan\IdeaProjects\fuar-stock\target\classes started by Hasan in C:\Users\Hasan\IdeaProjects\fuar-stock)
2021-12-02 01:43:07,256 INFO org.springframework.boot.SpringApplication [restartedMain] The following profiles are active: dev
2021-12-02 01:43:07,391 INFO org.springframework.boot.logging.DeferredLog [restartedMain] Devtools property defaults active! Set 'spring.devtools.add-properties' to 'false' to disable
2021-12-02 01:43:07,392 INFO org.springframework.boot.logging.DeferredLog [restartedMain] For additional web related logging consider setting the 'logging.level.web' property to 'DEBUG'
2021-12-02 01:43:09,360 INFO org.springframework.data.repository.config.RepositoryConfigurationDelegate [restartedMain] Multiple Spring Data modules found, entering strict repository configuration mode!
2021-12-02 01:43:09,370 INFO org.springframework.data.repository.config.RepositoryConfigurationDelegate [restartedMain] Bootstrapping Spring Data Elasticsearch repositories in DEFAULT mode.
2021-12-02 01:43:09,510 INFO org.springframework.data.repository.config.RepositoryConfigurationExtensionSupport [restartedMain] Spring Data Elasticsearch - Could not safely identify store assignment for repository candidate interface com.fuar.repository.customer.CustomerRepository. If you want this repository to be a Elasticsearch repository, consider annotating your entities with one of these annotations: org.springframework.data.elasticsearch.annotations.Document (preferred), or consider extending one of the following types with your repository: org.springframework.data.elasticsearch.repository.ElasticsearchRepository, org.springframework.data.elasticsearch.repository.ElasticsearchRepository.
2021-12-02 01:43:09,513 INFO org.springframework.data.repository.config.RepositoryConfigurationExtensionSupport [restartedMain] Spring Data Elasticsearch - Could not safely identify store assignment for repository candidate interface com.fuar.repository.invoice.InvoiceRepository. If you want this repository to be a Elasticsearch repository, consider annotating your entities with one of these annotations: org.springframework.data.elasticsearch.annotations.Document (preferred), or consider extending one of the following types with your repository: org.springframework.data.elasticsearch.repository.ElasticsearchRepository, org.springframework.data.elasticsearch.repository.ElasticsearchRepository.
2021-12-02 01:43:09,515 INFO org.springframework.data.repository.config.RepositoryConfigurationExtensionSupport [restartedMain] Spring Data Elasticsearch - Could not safely identify store assignment for repository candidate interface com.fuar.repository.log.LogRestIncomingRepository. If you want this repository to be a Elasticsearch repository, consider annotating your entities with one of these annotations: org.springframework.data.elasticsearch.annotations.Document (preferred), or consider extending one of the following types with your repository: org.springframework.data.elasticsearch.repository.ElasticsearchRepository, org.springframework.data.elasticsearch.repository.ElasticsearchRepository.
2021-12-02 01:43:09,517 INFO org.springframework.data.repository.config.RepositoryConfigurationExtensionSupport [restartedMain] Spring Data Elasticsearch - Could not safely identify store assignment for repository candidate interface com.fuar.repository.log.token.TokenRepository. If you want this repository to be a Elasticsearch repository, consider annotating your entities with one of these annotations: org.springframework.data.elasticsearch.annotations.Document (preferred), or consider extending one of the following types with your repository: org.springframework.data.elasticsearch.repository.ElasticsearchRepository, org.springframework.data.elasticsearch.repository.ElasticsearchRepository.
2021-12-02 01:43:09,518 INFO org.springframework.data.repository.config.RepositoryConfigurationExtensionSupport [restartedMain] Spring Data Elasticsearch - Could not safely identify store assignment for repository candidate interface com.fuar.repository.sale.SaleRepository. If you want this repository to be a Elasticsearch repository, consider annotating your entities with one of these annotations: org.springframework.data.elasticsearch.annotations.Document (preferred), or consider extending one of the following types with your repository: org.springframework.data.elasticsearch.repository.ElasticsearchRepository, org.springframework.data.elasticsearch.repository.ElasticsearchRepository.
2021-12-02 01:43:09,621 INFO org.springframework.data.repository.config.RepositoryConfigurationExtensionSupport [restartedMain] Spring Data Elasticsearch - Could not safely identify store assignment for repository candidate interface com.fuar.repository.sequence.SequenceGenerationRepository. If you want this repository to be a Elasticsearch repository, consider annotating your entities with one of these annotations: org.springframework.data.elasticsearch.annotations.Document (preferred), or consider extending one of the following types with your repository: org.springframework.data.elasticsearch.repository.ElasticsearchRepository, org.springframework.data.elasticsearch.repository.ElasticsearchRepository.
2021-12-02 01:43:09,625 INFO org.springframework.data.repository.config.RepositoryConfigurationExtensionSupport [restartedMain] Spring Data Elasticsearch - Could not safely identify store assignment for repository candidate interface com.fuar.repository.stock.StockRepository. If you want this repository to be a Elasticsearch repository, consider annotating your entities with one of these annotations: org.springframework.data.elasticsearch.annotations.Document (preferred), or consider extending one of the following types with your repository: org.springframework.data.elasticsearch.repository.ElasticsearchRepository, org.springframework.data.elasticsearch.repository.ElasticsearchRepository.
2021-12-02 01:43:09,627 INFO org.springframework.data.repository.config.RepositoryConfigurationExtensionSupport [restartedMain] Spring Data Elasticsearch - Could not safely identify store assignment for repository candidate interface com.fuar.repository.user.UserRepository. If you want this repository to be a Elasticsearch repository, consider annotating your entities with one of these annotations: org.springframework.data.elasticsearch.annotations.Document (preferred), or consider extending one of the following types with your repository: org.springframework.data.elasticsearch.repository.ElasticsearchRepository, org.springframework.data.elasticsearch.repository.ElasticsearchRepository.
2021-12-02 01:43:09,628 INFO org.springframework.data.repository.config.RepositoryConfigurationDelegate [restartedMain] Finished Spring Data repository scanning in 243 ms. Found 0 Elasticsearch repository interfaces.
2021-12-02 01:43:09,635 INFO org.springframework.data.repository.config.RepositoryConfigurationDelegate [restartedMain] Multiple Spring Data modules found, entering strict repository configuration mode!
2021-12-02 01:43:09,636 INFO org.springframework.data.repository.config.RepositoryConfigurationDelegate [restartedMain] Bootstrapping Spring Data Reactive Elasticsearch repositories in DEFAULT mode.
2021-12-02 01:43:09,662 INFO org.springframework.data.repository.config.RepositoryConfigurationExtensionSupport [restartedMain] Spring Data Reactive Elasticsearch - Could not safely identify store assignment for repository candidate interface com.fuar.repository.customer.CustomerRepository. If you want this repository to be a Reactive Elasticsearch repository, consider annotating your entities with one of these annotations: org.springframework.data.elasticsearch.annotations.Document (preferred), or consider extending one of the following types with your repository: org.springframework.data.elasticsearch.repository.ReactiveElasticsearchRepository.
2021-12-02 01:43:09,665 INFO org.springframework.data.repository.config.RepositoryConfigurationExtensionSupport [restartedMain] Spring Data Reactive Elasticsearch - Could not safely identify store assignment for repository candidate interface com.fuar.repository.invoice.InvoiceRepository. If you want this repository to be a Reactive Elasticsearch repository, consider annotating your entities with one of these annotations: org.springframework.data.elasticsearch.annotations.Document (preferred), or consider extending one of the following types with your repository: org.springframework.data.elasticsearch.repository.ReactiveElasticsearchRepository.
2021-12-02 01:43:09,667 INFO org.springframework.data.repository.config.RepositoryConfigurationExtensionSupport [restartedMain] Spring Data Reactive Elasticsearch - Could not safely identify store assignment for repository candidate interface com.fuar.repository.log.LogRestIncomingRepository. If you want this repository to be a Reactive Elasticsearch repository, consider annotating your entities with one of these annotations: org.springframework.data.elasticsearch.annotations.Document (preferred), or consider extending one of the following types with your repository: org.springframework.data.elasticsearch.repository.ReactiveElasticsearchRepository.
2021-12-02 01:43:09,668 INFO org.springframework.data.repository.config.RepositoryConfigurationExtensionSupport [restartedMain] Spring Data Reactive Elasticsearch - Could not safely identify store assignment for repository candidate interface com.fuar.repository.log.token.TokenRepository. If you want this repository to be a Reactive Elasticsearch repository, consider annotating your entities with one of these annotations: org.springframework.data.elasticsearch.annotations.Document (preferred), or consider extending one of the following types with your repository: org.springframework.data.elasticsearch.repository.ReactiveElasticsearchRepository.
2021-12-02 01:43:09,669 INFO org.springframework.data.repository.config.RepositoryConfigurationExtensionSupport [restartedMain] Spring Data Reactive Elasticsearch - Could not safely identify store assignment for repository candidate interface com.fuar.repository.sale.SaleRepository. If you want this repository to be a Reactive Elasticsearch repository, consider annotating your entities with one of these annotations: org.springframework.data.elasticsearch.annotations.Document (preferred), or consider extending one of the following types with your repository: org.springframework.data.elasticsearch.repository.ReactiveElasticsearchRepository.
2021-12-02 01:43:09,669 INFO org.springframework.data.repository.config.RepositoryConfigurationExtensionSupport [restartedMain] Spring Data Reactive Elasticsearch - Could not safely identify store assignment for repository candidate interface com.fuar.repository.sequence.SequenceGenerationRepository. If you want this repository to be a Reactive Elasticsearch repository, consider annotating your entities with one of these annotations: org.springframework.data.elasticsearch.annotations.Document (preferred), or consider extending one of the following types with your repository: org.springframework.data.elasticsearch.repository.ReactiveElasticsearchRepository.
2021-12-02 01:43:09,672 INFO org.springframework.data.repository.config.RepositoryConfigurationExtensionSupport [restartedMain] Spring Data Reactive Elasticsearch - Could not safely identify store assignment for repository candidate interface com.fuar.repository.stock.StockRepository. If you want this repository to be a Reactive Elasticsearch repository, consider annotating your entities with one of these annotations: org.springframework.data.elasticsearch.annotations.Document (preferred), or consider extending one of the following types with your repository: org.springframework.data.elasticsearch.repository.ReactiveElasticsearchRepository.
2021-12-02 01:43:09,673 INFO org.springframework.data.repository.config.RepositoryConfigurationExtensionSupport [restartedMain] Spring Data Reactive Elasticsearch - Could not safely identify store assignment for repository candidate interface com.fuar.repository.user.UserRepository. If you want this repository to be a Reactive Elasticsearch repository, consider annotating your entities with one of these annotations: org.springframework.data.elasticsearch.annotations.Document (preferred), or consider extending one of the following types with your repository: org.springframework.data.elasticsearch.repository.ReactiveElasticsearchRepository.
2021-12-02 01:43:09,735 INFO org.springframework.data.repository.config.RepositoryConfigurationDelegate [restartedMain] Finished Spring Data repository scanning in 98 ms. Found 2 Reactive Elasticsearch repository interfaces.
2021-12-02 01:43:09,755 INFO org.springframework.data.repository.config.RepositoryConfigurationDelegate [restartedMain] Multiple Spring Data modules found, entering strict repository configuration mode!
2021-12-02 01:43:09,755 INFO org.springframework.data.repository.config.RepositoryConfigurationDelegate [restartedMain] Bootstrapping Spring Data JPA repositories in DEFERRED mode.
2021-12-02 01:43:09,831 INFO org.springframework.data.repository.config.RepositoryConfigurationExtensionSupport [restartedMain] Spring Data JPA - Could not safely identify store assignment for repository candidate interface com.fuar.repository.sale.es.SaleEsRepository. If you want this repository to be a JPA repository, consider annotating your entities with one of these annotations: javax.persistence.Entity, javax.persistence.MappedSuperclass (preferred), or consider extending one of the following types with your repository: org.springframework.data.jpa.repository.JpaRepository.
2021-12-02 01:43:09,842 INFO org.springframework.data.repository.config.RepositoryConfigurationExtensionSupport [restartedMain] Spring Data JPA - Could not safely identify store assignment for repository candidate interface com.fuar.repository.stock.es.StockEsRepository. If you want this repository to be a JPA repository, consider annotating your entities with one of these annotations: javax.persistence.Entity, javax.persistence.MappedSuperclass (preferred), or consider extending one of the following types with your repository: org.springframework.data.jpa.repository.JpaRepository.
2021-12-02 01:43:09,869 INFO org.springframework.data.repository.config.RepositoryConfigurationDelegate [restartedMain] Finished Spring Data repository scanning in 103 ms. Found 8 JPA repository interfaces.
2021-12-02 01:43:12,061 INFO org.springframework.boot.web.embedded.tomcat.TomcatWebServer [restartedMain] Tomcat initialized with port(s): 8011 (http)
2021-12-02 01:43:12,077 INFO org.apache.juli.logging.DirectJDKLog [restartedMain] Starting service [Tomcat]
2021-12-02 01:43:12,078 INFO org.apache.juli.logging.DirectJDKLog [restartedMain] Starting Servlet engine: [Apache Tomcat/9.0.39]
2021-12-02 01:43:12,309 INFO org.apache.juli.logging.DirectJDKLog [restartedMain] Initializing Spring embedded WebApplicationContext
2021-12-02 01:43:12,309 INFO org.springframework.boot.web.servlet.context.ServletWebServerApplicationContext [restartedMain] Root WebApplicationContext: initialization completed in 4916 ms
2021-12-02 01:43:12,493 INFO org.springframework.scheduling.concurrent.ExecutorConfigurationSupport [restartedMain] Initializing ExecutorService 'applicationTaskExecutor'
2021-12-02 01:43:12,567 INFO org.hibernate.jpa.internal.util.LogHelper [task-1] HHH000204: Processing PersistenceUnitInfo [name: default]
2021-12-02 01:43:12,683 INFO org.hibernate.Version [task-1] HHH000412: Hibernate ORM core version 5.4.23.Final
2021-12-02 01:43:12,946 INFO org.hibernate.annotations.common.reflection.java.JavaReflectionManager [task-1] HCANN000001: Hibernate Commons Annotations {5.1.2.Final}
2021-12-02 01:43:13,000 WARN org.springframework.data.convert.CustomConversions [restartedMain] Registering converter from class org.springframework.data.geo.Point to interface java.util.Map as writing converter although it doesn't convert to a store-supported type! You might want to check your annotation setup at the converter implementation.
2021-12-02 01:43:13,001 WARN org.springframework.data.convert.CustomConversions [restartedMain] Registering converter from interface java.util.Map to class org.springframework.data.geo.Point as reading converter although it doesn't convert from a store-supported type! You might want to check your annotation setup at the converter implementation.
2021-12-02 01:43:13,001 WARN org.springframework.data.convert.CustomConversions [restartedMain] Registering converter from class org.springframework.data.elasticsearch.core.geo.GeoPoint to interface java.util.Map as writing converter although it doesn't convert to a store-supported type! You might want to check your annotation setup at the converter implementation.
2021-12-02 01:43:13,002 WARN org.springframework.data.convert.CustomConversions [restartedMain] Registering converter from interface java.util.Map to class org.springframework.data.elasticsearch.core.geo.GeoPoint as reading converter although it doesn't convert from a store-supported type! You might want to check your annotation setup at the converter implementation.
2021-12-02 01:43:13,002 WARN org.springframework.data.convert.CustomConversions [restartedMain] Registering converter from interface org.springframework.data.elasticsearch.core.geo.GeoJson to interface java.util.Map as writing converter although it doesn't convert to a store-supported type! You might want to check your annotation setup at the converter implementation.
2021-12-02 01:43:13,003 WARN org.springframework.data.convert.CustomConversions [restartedMain] Registering converter from interface java.util.Map to interface org.springframework.data.elasticsearch.core.geo.GeoJson as reading converter although it doesn't convert from a store-supported type! You might want to check your annotation setup at the converter implementation.
2021-12-02 01:43:13,003 WARN org.springframework.data.convert.CustomConversions [restartedMain] Registering converter from class org.springframework.data.elasticsearch.core.geo.GeoJsonPoint to interface java.util.Map as writing converter although it doesn't convert to a store-supported type! You might want to check your annotation setup at the converter implementation.
2021-12-02 01:43:13,003 WARN org.springframework.data.convert.CustomConversions [restartedMain] Registering converter from interface java.util.Map to class org.springframework.data.elasticsearch.core.geo.GeoJsonPoint as reading converter although it doesn't convert from a store-supported type! You might want to check your annotation setup at the converter implementation.
2021-12-02 01:43:13,004 WARN org.springframework.data.convert.CustomConversions [restartedMain] Registering converter from class org.springframework.data.elasticsearch.core.geo.GeoJsonMultiPoint to interface java.util.Map as writing converter although it doesn't convert to a store-supported type! You might want to check your annotation setup at the converter implementation.
2021-12-02 01:43:13,004 WARN org.springframework.data.convert.CustomConversions [restartedMain] Registering converter from interface java.util.Map to class org.springframework.data.elasticsearch.core.geo.GeoJsonMultiPoint as reading converter although it doesn't convert from a store-supported type! You might want to check your annotation setup at the converter implementation.
2021-12-02 01:43:13,004 WARN org.springframework.data.convert.CustomConversions [restartedMain] Registering converter from class org.springframework.data.elasticsearch.core.geo.GeoJsonLineString to interface java.util.Map as writing converter although it doesn't convert to a store-supported type! You might want to check your annotation setup at the converter implementation.
2021-12-02 01:43:13,005 WARN org.springframework.data.convert.CustomConversions [restartedMain] Registering converter from interface java.util.Map to class org.springframework.data.elasticsearch.core.geo.GeoJsonLineString as reading converter although it doesn't convert from a store-supported type! You might want to check your annotation setup at the converter implementation.
2021-12-02 01:43:13,005 WARN org.springframework.data.convert.CustomConversions [restartedMain] Registering converter from class org.springframework.data.elasticsearch.core.geo.GeoJsonMultiLineString to interface java.util.Map as writing converter although it doesn't convert to a store-supported type! You might want to check your annotation setup at the converter implementation.
2021-12-02 01:43:13,005 WARN org.springframework.data.convert.CustomConversions [restartedMain] Registering converter from interface java.util.Map to class org.springframework.data.elasticsearch.core.geo.GeoJsonMultiLineString as reading converter although it doesn't convert from a store-supported type! You might want to check your annotation setup at the converter implementation.
2021-12-02 01:43:13,006 WARN org.springframework.data.convert.CustomConversions [restartedMain] Registering converter from class org.springframework.data.elasticsearch.core.geo.GeoJsonPolygon to interface java.util.Map as writing converter although it doesn't convert to a store-supported type! You might want to check your annotation setup at the converter implementation.
2021-12-02 01:43:13,006 WARN org.springframework.data.convert.CustomConversions [restartedMain] Registering converter from interface java.util.Map to class org.springframework.data.elasticsearch.core.geo.GeoJsonPolygon as reading converter although it doesn't convert from a store-supported type! You might want to check your annotation setup at the converter implementation.
2021-12-02 01:43:13,006 WARN org.springframework.data.convert.CustomConversions [restartedMain] Registering converter from class org.springframework.data.elasticsearch.core.geo.GeoJsonMultiPolygon to interface java.util.Map as writing converter although it doesn't convert to a store-supported type! You might want to check your annotation setup at the converter implementation.
2021-12-02 01:43:13,006 WARN org.springframework.data.convert.CustomConversions [restartedMain] Registering converter from interface java.util.Map to class org.springframework.data.elasticsearch.core.geo.GeoJsonMultiPolygon as reading converter although it doesn't convert from a store-supported type! You might want to check your annotation setup at the converter implementation.
2021-12-02 01:43:13,007 WARN org.springframework.data.convert.CustomConversions [restartedMain] Registering converter from class org.springframework.data.elasticsearch.core.geo.GeoJsonGeometryCollection to interface java.util.Map as writing converter although it doesn't convert to a store-supported type! You might want to check your annotation setup at the converter implementation.
2021-12-02 01:43:13,007 WARN org.springframework.data.convert.CustomConversions [restartedMain] Registering converter from interface java.util.Map to class org.springframework.data.elasticsearch.core.geo.GeoJsonGeometryCollection as reading converter although it doesn't convert from a store-supported type! You might want to check your annotation setup at the converter implementation.
2021-12-02 01:43:13,130 INFO com.zaxxer.hikari.HikariDataSource [task-1] HikariPool-1 - Starting...
2021-12-02 01:43:13,327 INFO com.zaxxer.hikari.HikariDataSource [task-1] HikariPool-1 - Start completed.
2021-12-02 01:43:13,351 INFO org.hibernate.dialect.Dialect [task-1] HHH000400: Using dialect: org.hibernate.dialect.PostgreSQL9Dialect
2021-12-02 01:43:14,488 WARN org.hibernate.tool.schema.internal.ExceptionHandlerLoggedImpl [task-1] GenerationTarget encountered exception accepting command : Error executing DDL "create table user (id  bigserial not null, created_date timestamp, operation varchar(255), updated_date timestamp, password varchar(255), user_name varchar(255), primary key (id))" via JDBC Statement
org.hibernate.tool.schema.spi.CommandAcceptanceException: Error executing DDL "create table user (id  bigserial not null, created_date timestamp, operation varchar(255), updated_date timestamp, password varchar(255), user_name varchar(255), primary key (id))" via JDBC Statement
	at org.hibernate.tool.schema.internal.exec.GenerationTargetToDatabase.accept(GenerationTargetToDatabase.java:67)
	at org.hibernate.tool.schema.internal.AbstractSchemaMigrator.applySqlString(AbstractSchemaMigrator.java:559)
	at org.hibernate.tool.schema.internal.AbstractSchemaMigrator.applySqlStrings(AbstractSchemaMigrator.java:504)
	at org.hibernate.tool.schema.internal.AbstractSchemaMigrator.createTable(AbstractSchemaMigrator.java:277)
	at org.hibernate.tool.schema.internal.GroupedSchemaMigratorImpl.performTablesMigration(GroupedSchemaMigratorImpl.java:71)
	at org.hibernate.tool.schema.internal.AbstractSchemaMigrator.performMigration(AbstractSchemaMigrator.java:207)
	at org.hibernate.tool.schema.internal.AbstractSchemaMigrator.doMigration(AbstractSchemaMigrator.java:114)
	at org.hibernate.tool.schema.spi.SchemaManagementToolCoordinator.performDatabaseAction(SchemaManagementToolCoordinator.java:184)
	at org.hibernate.tool.schema.spi.SchemaManagementToolCoordinator.process(SchemaManagementToolCoordinator.java:73)
	at org.hibernate.internal.SessionFactoryImpl.<init>(SessionFactoryImpl.java:316)
	at org.hibernate.boot.internal.SessionFactoryBuilderImpl.build(SessionFactoryBuilderImpl.java:469)
	at org.hibernate.jpa.boot.internal.EntityManagerFactoryBuilderImpl.build(EntityManagerFactoryBuilderImpl.java:1259)
	at org.springframework.orm.jpa.vendor.SpringHibernateJpaPersistenceProvider.createContainerEntityManagerFactory(SpringHibernateJpaPersistenceProvider.java:58)
	at org.springframework.orm.jpa.LocalContainerEntityManagerFactoryBean.createNativeEntityManagerFactory(LocalContainerEntityManagerFactoryBean.java:365)
	at org.springframework.orm.jpa.AbstractEntityManagerFactoryBean.buildNativeEntityManagerFactory(AbstractEntityManagerFactoryBean.java:409)
	at java.base/java.util.concurrent.FutureTask.run$$$capture(FutureTask.java:264)
	at java.base/java.util.concurrent.FutureTask.run(FutureTask.java)
	at java.base/java.util.concurrent.ThreadPoolExecutor.runWorker(ThreadPoolExecutor.java:1128)
	at java.base/java.util.concurrent.ThreadPoolExecutor$Worker.run(ThreadPoolExecutor.java:628)
	at java.base/java.lang.Thread.run(Thread.java:834)
Caused by: org.postgresql.util.PSQLException: ERROR: syntax error at or near "user"
  Position: 14
	at org.postgresql.core.v3.QueryExecutorImpl.receiveErrorResponse(QueryExecutorImpl.java:2553)
	at org.postgresql.core.v3.QueryExecutorImpl.processResults(QueryExecutorImpl.java:2285)
	at org.postgresql.core.v3.QueryExecutorImpl.execute(QueryExecutorImpl.java:323)
	at org.postgresql.jdbc.PgStatement.executeInternal(PgStatement.java:473)
	at org.postgresql.jdbc.PgStatement.execute(PgStatement.java:393)
	at org.postgresql.jdbc.PgStatement.executeWithFlags(PgStatement.java:322)
	at org.postgresql.jdbc.PgStatement.executeCachedSql(PgStatement.java:308)
	at org.postgresql.jdbc.PgStatement.executeWithFlags(PgStatement.java:284)
	at org.postgresql.jdbc.PgStatement.execute(PgStatement.java:279)
	at com.zaxxer.hikari.pool.ProxyStatement.execute(ProxyStatement.java:95)
	at com.zaxxer.hikari.pool.HikariProxyStatement.execute(HikariProxyStatement.java)
	at org.hibernate.tool.schema.internal.exec.GenerationTargetToDatabase.accept(GenerationTargetToDatabase.java:54)
	... 19 common frames omitted
2021-12-02 01:43:14,489 INFO org.hibernate.engine.transaction.jta.platform.internal.JtaPlatformInitiator [task-1] HHH000490: Using JtaPlatform implementation: [org.hibernate.engine.transaction.jta.platform.internal.NoJtaPlatform]
2021-12-02 01:43:14,501 INFO org.springframework.orm.jpa.AbstractEntityManagerFactoryBean [task-1] Initialized JPA EntityManagerFactory for persistence unit 'default'
2021-12-02 01:43:15,722 INFO org.springframework.boot.devtools.autoconfigure.OptionalLiveReloadServer [restartedMain] LiveReload server is running on port 35729
2021-12-02 01:43:17,786 INFO org.springframework.data.elasticsearch.support.VersionInfo [reactor-http-nio-2] Version Spring Data Elasticsearch: 4.1.1
2021-12-02 01:43:17,786 INFO org.springframework.data.elasticsearch.support.VersionInfo [reactor-http-nio-2] Version Elasticsearch Client in build: 7.9.3
2021-12-02 01:43:17,787 INFO org.springframework.data.elasticsearch.support.VersionInfo [reactor-http-nio-2] Version Elasticsearch Client used: 7.9.3
2021-12-02 01:43:17,787 ERROR reactor.util.Loggers$Slf4JLogger [reactor-http-nio-2] Operator called default onErrorDropped
reactor.core.Exceptions$ErrorCallbackNotImplemented: org.springframework.data.elasticsearch.client.NoReachableHostException: Host 'localhost:9200' not reachable. Cluster state is offline.
Caused by: org.springframework.data.elasticsearch.client.NoReachableHostException: Host 'localhost:9200' not reachable. Cluster state is offline.
	at org.springframework.data.elasticsearch.client.reactive.SingleNodeHostProvider.lambda$lookupActiveHost$4(SingleNodeHostProvider.java:108)
	at reactor.core.publisher.FluxHandle$HandleSubscriber.onNext(FluxHandle.java:102)
	at reactor.core.publisher.FluxMap$MapConditionalSubscriber.onNext(FluxMap.java:220)
	at reactor.core.publisher.FluxOnErrorResume$ResumeSubscriber.onNext(FluxOnErrorResume.java:79)
	at reactor.core.publisher.Operators$ScalarSubscription.request(Operators.java:2346)
	at reactor.core.publisher.Operators$MultiSubscriptionSubscriber.set(Operators.java:2154)
	at reactor.core.publisher.FluxOnErrorResume$ResumeSubscriber.onSubscribe(FluxOnErrorResume.java:74)
	at reactor.core.publisher.MonoJust.subscribe(MonoJust.java:54)
	at reactor.core.publisher.Mono.subscribe(Mono.java:3987)
	at reactor.core.publisher.FluxOnErrorResume$ResumeSubscriber.onError(FluxOnErrorResume.java:103)
	at reactor.core.publisher.MonoFlatMap$FlatMapMain.onError(MonoFlatMap.java:172)
	at reactor.core.publisher.Operators$MultiSubscriptionSubscriber.onError(Operators.java:2023)
	at reactor.core.publisher.FluxOnAssembly$OnAssemblySubscriber.onError(FluxOnAssembly.java:392)
	at reactor.core.publisher.MonoPeekTerminal$MonoTerminalPeekSubscriber.onError(MonoPeekTerminal.java:258)
	at reactor.core.publisher.FluxMap$MapConditionalSubscriber.onError(FluxMap.java:259)
	at reactor.core.publisher.FluxOnErrorResume$ResumeSubscriber.onError(FluxOnErrorResume.java:106)
	at reactor.core.publisher.Operators.error(Operators.java:196)
	at reactor.core.publisher.MonoErrorSupplied.subscribe(MonoErrorSupplied.java:71)
	at reactor.core.publisher.Mono.subscribe(Mono.java:3987)
	at reactor.core.publisher.FluxOnErrorResume$ResumeSubscriber.onError(FluxOnErrorResume.java:103)
	at reactor.core.publisher.FluxPeek$PeekSubscriber.onError(FluxPeek.java:221)
	at reactor.core.publisher.FluxPeek$PeekSubscriber.onError(FluxPeek.java:221)
	at reactor.core.publisher.FluxPeek$PeekSubscriber.onError(FluxPeek.java:221)
	at reactor.core.publisher.MonoNext$NextSubscriber.onError(MonoNext.java:93)
	at reactor.core.publisher.MonoFlatMapMany$FlatMapManyMain.onError(MonoFlatMapMany.java:204)
	at reactor.core.publisher.SerializedSubscriber.onError(SerializedSubscriber.java:124)
	at reactor.core.publisher.FluxRetryWhen$RetryWhenMainSubscriber.whenError(FluxRetryWhen.java:224)
	at reactor.core.publisher.FluxRetryWhen$RetryWhenOtherSubscriber.onError(FluxRetryWhen.java:273)
	at reactor.core.publisher.FluxConcatMap$ConcatMapImmediate.drain(FluxConcatMap.java:413)
	at reactor.core.publisher.FluxConcatMap$ConcatMapImmediate.onNext(FluxConcatMap.java:250)
	at reactor.core.publisher.EmitterProcessor.drain(EmitterProcessor.java:478)
	at reactor.core.publisher.EmitterProcessor.tryEmitNext(EmitterProcessor.java:286)
	at reactor.core.publisher.SinkManySerialized.tryEmitNext(SinkManySerialized.java:97)
	at reactor.core.publisher.InternalManySink.emitNext(InternalManySink.java:27)
	at reactor.core.publisher.FluxRetryWhen$RetryWhenMainSubscriber.onError(FluxRetryWhen.java:191)
	at reactor.core.publisher.MonoCreate$DefaultMonoSink.error(MonoCreate.java:189)
	at reactor.netty.http.client.HttpClientConnect$MonoHttpConnect$ClientTransportSubscriber.onError(HttpClientConnect.java:286)
	at reactor.core.publisher.MonoCreate$DefaultMonoSink.error(MonoCreate.java:189)
	at reactor.netty.resources.DefaultPooledConnectionProvider$DisposableAcquire.onError(DefaultPooledConnectionProvider.java:165)
	at reactor.netty.internal.shaded.reactor.pool.AbstractPool$Borrower.fail(AbstractPool.java:427)
	at reactor.netty.internal.shaded.reactor.pool.SimpleDequePool.lambda$drainLoop$5(SimpleDequePool.java:310)
	at reactor.core.publisher.FluxDoOnEach$DoOnEachSubscriber.onError(FluxDoOnEach.java:186)
	at reactor.core.publisher.MonoCreate$DefaultMonoSink.error(MonoCreate.java:189)
	at reactor.netty.resources.DefaultPooledConnectionProvider$PooledConnectionAllocator$PooledConnectionInitializer.onError(DefaultPooledConnectionProvider.java:564)
	at reactor.core.publisher.MonoFlatMap$FlatMapMain.secondError(MonoFlatMap.java:192)
	at reactor.core.publisher.MonoFlatMap$FlatMapInner.onError(MonoFlatMap.java:259)
	at reactor.netty.transport.TransportConnector$MonoChannelPromise.tryFailure(TransportConnector.java:464)
	at reactor.netty.transport.TransportConnector$MonoChannelPromise$1.tryFailure(TransportConnector.java:515)
	at io.netty.channel.nio.AbstractNioChannel$AbstractNioUnsafe.fulfillConnectPromise(AbstractNioChannel.java:321)
	at io.netty.channel.nio.AbstractNioChannel$AbstractNioUnsafe.finishConnect(AbstractNioChannel.java:337)
	at io.netty.channel.nio.NioEventLoop.processSelectedKey(NioEventLoop.java:707)
	at io.netty.channel.nio.NioEventLoop.processSelectedKeysOptimized(NioEventLoop.java:655)
	at io.netty.channel.nio.NioEventLoop.processSelectedKeys(NioEventLoop.java:581)
	at io.netty.channel.nio.NioEventLoop.run(NioEventLoop.java:493)
	at io.netty.util.concurrent.SingleThreadEventExecutor$4.run(SingleThreadEventExecutor.java:989)
	at io.netty.util.internal.ThreadExecutorMap$2.run(ThreadExecutorMap.java:74)
	at io.netty.util.concurrent.FastThreadLocalRunnable.run(FastThreadLocalRunnable.java:30)
	at java.base/java.lang.Thread.run(Thread.java:834)
2021-12-02 01:43:17,796 WARN org.springframework.data.elasticsearch.repository.support.SimpleReactiveElasticsearchRepository [restartedMain] Cannot create index: Host 'localhost:9200' not reachable. Cluster state is offline.
2021-12-02 01:43:18,011 WARN org.springframework.boot.autoconfigure.orm.jpa.JpaBaseConfiguration$JpaWebConfiguration [restartedMain] spring.jpa.open-in-view is enabled by default. Therefore, database queries may be performed during view rendering. Explicitly configure spring.jpa.open-in-view to disable this warning
2021-12-02 01:43:20,118 WARN org.springframework.data.elasticsearch.repository.support.SimpleReactiveElasticsearchRepository [restartedMain] Cannot create index: Host 'localhost:9200' not reachable. Cluster state is offline.
2021-12-02 01:43:20,605 INFO org.springframework.security.web.DefaultSecurityFilterChain [restartedMain] Will secure Ant [pattern='/v2/**'] with []
2021-12-02 01:43:20,606 INFO org.springframework.security.web.DefaultSecurityFilterChain [restartedMain] Will secure Ant [pattern='/swagger-ui.html'] with []
2021-12-02 01:43:20,670 INFO org.springframework.security.web.DefaultSecurityFilterChain [restartedMain] Will secure any request with [org.springframework.security.web.context.request.async.WebAsyncManagerIntegrationFilter@5e698560, org.springframework.security.web.context.SecurityContextPersistenceFilter@3aa0f24, org.springframework.security.web.header.HeaderWriterFilter@35dfac61, org.springframework.security.web.authentication.logout.LogoutFilter@71acbb5f, com.fuar.config.security.TokenAuthenticationFilter@64088afd, org.springframework.security.web.savedrequest.RequestCacheAwareFilter@1b2bca8a, org.springframework.security.web.servletapi.SecurityContextHolderAwareRequestFilter@631b45cf, org.springframework.security.web.authentication.AnonymousAuthenticationFilter@8a67176, org.springframework.security.web.session.SessionManagementFilter@3d441589, org.springframework.security.web.access.ExceptionTranslationFilter@71422f8a, org.springframework.security.web.access.intercept.FilterSecurityInterceptor@1f2933b7]
2021-12-02 01:43:22,633 INFO org.springframework.boot.web.embedded.tomcat.TomcatWebServer [restartedMain] Tomcat started on port(s): 8011 (http) with context path ''
2021-12-02 01:43:23,106 INFO org.springframework.data.repository.config.DeferredRepositoryInitializationListener [restartedMain] Triggering deferred initialization of Spring Data repositories…
2021-12-02 01:43:23,529 INFO org.springframework.data.repository.config.DeferredRepositoryInitializationListener [restartedMain] Spring Data repositories initialized!
2021-12-02 01:43:23,542 INFO org.springframework.boot.StartupInfoLogger [restartedMain] Started StockApplication in 17.245 seconds (JVM running for 18.731)
2021-12-02 01:43:30,660 INFO org.apache.juli.logging.DirectJDKLog [http-nio-8011-exec-2] Initializing Spring DispatcherServlet 'dispatcherServlet'
2021-12-02 01:43:30,660 INFO org.springframework.web.servlet.FrameworkServlet [http-nio-8011-exec-2] Initializing Servlet 'dispatcherServlet'
2021-12-02 01:43:30,662 INFO org.springframework.web.servlet.FrameworkServlet [http-nio-8011-exec-2] Completed initialization in 1 ms
2021-12-02 01:43:31,576 WARN org.apache.juli.logging.DirectJDKLog [http-nio-8011-exec-2] Creation of SecureRandom instance for session ID generation using [SHA1PRNG] took [881] milliseconds.
2021-12-02 01:43:31,730 WARN org.springframework.web.servlet.handler.AbstractHandlerExceptionResolver [http-nio-8011-exec-2] Resolved [org.springframework.web.HttpMediaTypeNotSupportedException: Content type 'text/plain;charset=UTF-8' not supported]
2021-12-02 01:44:13,942 WARN org.springframework.web.servlet.handler.AbstractHandlerExceptionResolver [http-nio-8011-exec-3] Resolved [org.springframework.web.HttpMediaTypeNotSupportedException: Content type 'text/plain;charset=UTF-8' not supported]
